<?xml version="1.0" encoding="UTF-8"?>
<!-- Generated by org.testng.reporters.JUnitReportReporter -->
<testsuite hostname="Pradeep-Chakrawarti" failures="0" tests="3" name="Rider2.Simple$simple" time="0.000" errors="0" timestamp="2024-02-23T00:16:11 IST" skipped="3">
  <testcase classname="Rider2.Simple$simple" name="TestCase1" time="0.000">
    <skipped/>
  </testcase> <!-- TestCase1 -->
  <system-out/>
  <testcase classname="Rider2.Simple$simple" name="TestCase2" time="0.000">
    <skipped/>
  </testcase> <!-- TestCase2 -->
  <system-out/>
  <testcase classname="Rider2.Simple$simple" name="TestCase3" time="0.000">
    <skipped/>
  </testcase> <!-- TestCase3 -->
  <system-out/>
</testsuite> <!-- Rider2.Simple$simple -->
